G4BL_DIR=C:\Program Files\Muons, Inc\G4beamline
G4ABLADATA=C:\Geant4Data/G4ABLA3.1
G4LEDATA=C:\Geant4Data/G4EMLOW8.0
G4ENSDFSTATEDATA=C:\Geant4Data/G4ENSDFSTATE2.3
G4INCLDATA=C:\Geant4Data/G4INCL1.0
G4NEUTRONHPDATA=C:\Geant4Data/G4NDL4.6
G4PARTICLEXSDATA=C:\Geant4Data/G4PARTICLEXS4.0
G4PIIDATA=C:\Geant4Data/G4PII1.3
G4LEVELGAMMADATA=C:\Geant4Data/PhotonEvaporation5.7
G4RADIOACTIVEDATA=C:\Geant4Data/RadioactiveDecay5.6
G4REALSURFACEDATA=C:\Geant4Data/RealSurface2.2
G4SAIDXSDATA=C:\Geant4Data/G4SAIDDATA2.0
G4beamline Process ID 2856

*************************************************************
 g4beamline version: 3.08                        (Oct  8 2022)
                      Copyright : Tom Roberts, Muons, Inc.
                        License : Gnu Public License
                            WWW : http://g4beamline.muonsinc.com
**************************************************************
 Geant4 version Name: geant4-11-00-patch-03 [MT]   (16-September-2022)
                       Copyright : Geant4 Collaboration
                      References : NIM A 506 (2003), 250-303
                                 : IEEE-TNS 53 (2006), 270-278
                                 : NIM A 835 (2016), 186-225
                             WWW : http://geant4.org/
**************************************************************

param        viewer        best,1
geometry                   nPoints=100 printGeometry=0 visual=0
                           tolerance=0.002
G4PhysListFactory::GetReferencePhysList <QGSP_BERT>  EMoption= 0
<<< Geant4 Physics List simulation engine: QGSP_BERT


physics      QGSP_BERT     disable= inactivate= deactivate= doStochastics=1
                           fluct=1 minRangeCut=1 list=0 gammaToMuPair=0
                           spinTracking=0 synchrotronRadiation=0
                           synchrotronRadiationMuon=0 maxTime=1e+06
box          targetC       height=100 width=100 length=50 maxStep=100
                           material=C color=1,1,1 kill=0
box          targetW       height=100 width=100 length=50 maxStep=100
                           material=W color=1,1,1 kill=0
virtualdetector myDet      radius=500 innerRadius=0 height=1000 width=1000
                           length=1 maxStep=100 material= color=1,1,1
                           noSingles=0 format= filename= file= require=
                           referenceParticle=0 coordinates=Centerline kill=0
place   targetC copies=1 x=0.0 y=0.0 z=100.0 
place   targetW copies=1 x=0.0 y=0.0 z=300.0 
place   myDet   copies=1 x=0.0 y=0.0 z=50.0 rename='det1'
place   myDet   copies=1 x=0.0 y=0.0 z=200.0 rename='det2'
place   myDet   copies=1 x=0.0 y=0.0 z=400.0 rename='det3'
beam    GAUSSIAN particle=pi+ nEvents=1000 firstEvent=-1 lastEvent=2147483647 beamX=0.0 beamY=0.0 beamZ=0.0 maxR=1000000.0 
		meanMomentum=8000.0 weight=1.000000 
		sigmaX=1.0 sigmaY=1.0 sigmaZ=0.0 sigmaXp=0.00000 sigmaYp=0.00000 
		sigmaP=100.0 sigmaT=0.000 meanXp=0.00000 meanYp=0.00000 meanT=0.000 
param        rootFile      pion_results.root

World size (before incrementing by 201.357 mm): 1000.0 H  1000.0 W  801.0 L

PARAMETERS:
            Zcl=400.5
     deltaChord=3.0
deltaIntersection=0.1
   deltaOneStep=0.01
         epsMax=0.05
         epsMin=2.5e-7
 eventTimeLimit=30
    fieldVoxels=200,200,200
      histoFile=g4beamline
    histoUpdate=0
        maxStep=100.0
        minStep=0.01
       rootFile=pion_results.root
 steppingFormat=N GLOBAL CL KE STEP VOL PROCESS
steppingVerbose=0
         viewer=best,1
 wallClockLimit=-1
  worldMaterial=Vacuum
     zTolerance=2.0
Checking overlaps for volume targetC:0 (G4Box) ... OK! 
BLCMDbox::Construct targetC parent= relZ=100.0 globZ=100.0
	zmin=75.0 zmax=125.0
Checking overlaps for volume targetW:0 (G4Box) ... OK! 
BLCMDbox::Construct targetW parent= relZ=300.0 globZ=300.0
	zmin=275.0 zmax=325.0
Checking overlaps for volume det1:0 (G4Tubs) ... OK! 
BLCMDvirtualdetector::Construct det1 parent= relZ=50.0 globZ=50.0
Checking overlaps for volume det2:0 (G4Tubs) ... OK! 
BLCMDvirtualdetector::Construct det2 parent= relZ=200.0 globZ=200.0
Checking overlaps for volume det3:0 (G4Tubs) ... OK! 
BLCMDvirtualdetector::Construct det3 parent= relZ=400.0 globZ=400.0
### Adding tracking cuts for neutron  TimeCut(ns)= 10000  KinEnergyCut(MeV)= 0

Geometry test nPoints=100 tolerance=0.002 mm:
Testing geometry for children of group 'World':
Total geometry errors = 0  0 seconds

================== Prepare Visualization ==================
Stochastic processes are enabled.
Available UI session types: [ Qt, Win32, csh ]
Visualization Manager instantiating with verbosity "warnings (3)"...
Visualization Manager initialising...
Registering graphics systems...

You have successfully registered the following graphics systems.
Registered graphics systems are:
  ASCIITree (ATree)
  DAWNFILE (DAWNFILE)
  G4HepRepFile (HepRepFile)
  RayTracer (RayTracer)
  VRML2FILE (VRML2FILE)
  gMocrenFile (gMocrenFile)
  OpenGLImmediateQt (OGLIQt, OGLI)
  OpenGLStoredQt (OGLSQt, OGL, OGLS)
  OpenGLImmediateWin32 (OGLIWin32, OGLIQt_FALLBACK)
  OpenGLStoredWin32 (OGLSWin32, OGLSQt_FALLBACK)

Registering model factories...

You have successfully registered the following model factories.
Registered model factories:
  generic
  drawByAttribute
  drawByCharge
  drawByOriginVolume
  drawByParticleID
  drawByEncounteredVolume

Registered models:
  None

Registered filter factories:
  attributeFilter
  chargeFilter
  originVolumeFilter
  particleFilter
  encounteredVolumeFilter

Registered filters:
  None

You have successfully registered the following user vis actions.
Run Duration User Vis Actions: none
End of Event User Vis Actions: none
End of Run User Vis Actions: none

Some /vis commands (optionally) take a string to specify colour.
"/vis/list" to see available colours.

Selected visualization viewer: Qt
BLVisManager init: /vis/open OGLSQt
BLVisManager init: /vis/viewer/set/auxiliaryEdge true
BLVisManager init: /vis/viewer/set/style surface
BLVisManager init: /vis/viewer/set/viewpointThetaPhi 0 0 deg
BLVisManager init: /vis/drawVolume
BLVisManager init: /tracking/storeTrajectory 1
BLVisManager init: /vis/scene/add/trajectories
/tracking/storeTrajectory 1
Attributes available for modeling and filtering with
  "/vis/modeling/trajectories/create/drawByAttribute" and
  "/vis/filtering/trajectories/create/attributeFilter" commands:
G4TrajectoriesModel:
  Event ID (EventID): G4int
  Run ID (RunID): G4int
G4Trajectory:
  Charge (Ch): unit: e+ (G4double)
  Track ID (ID): G4int
  Initial kinetic energy (IKE): G4BestUnit (G4double)
  Initial momentum magnitude (IMag): G4BestUnit (G4double)
  Initial momentum (IMom): G4BestUnit (G4ThreeVector)
  No. of points (NTP): G4int
  PDG Encoding (PDG): G4int
  Parent ID (PID): G4int
  Particle Name (PN): G4String
G4TrajectoryPoint:
  Position (Pos): G4BestUnit (G4ThreeVector)
WARNING: Trajectory storing has been requested.  This action may be
  reversed with "/tracking/storeTrajectory 0".
BLVisManager init: /vis/scene/endOfEventAction accumulate -1
WARNING: The vis manager will keep an unlimited number of events.
  This may use a lot of memory.
  It may be changed with, e.g., "/vis/scene/endOfEventAction accumulate 10".
BLVisManager init: /vis/viewer/set/hiddenMarker true

WARNING: No extent set for user vis action "DrawMarkers".
WARNING: User Vis Action "DrawMarkers" extent is null.
 Changing export format to "jpg"

Graphics systems deleted.
Visualization Manager deleting...

Exceptions: 0 Fatal, 0 Events Aborted, 0 Stuck Tracks (stopped), 0 Warnings
g4beamline: simulation complete
